<?xml version="1.0" encoding="UTF-8"?>
<!-- Generated by org.testng.reporters.JUnitReportReporter -->
<testsuite skipped="0" hostname="Dzianis" name="com.class02.priorityExampleTwo2" tests="2" failures="0" timestamp="05 Jun 2019 01:01:20 GMT" time="3.220" errors="0">
  <testcase name="logIn" time="3.166" classname="com.class02.priorityExampleTwo2"/>
  <testcase name="mainPage" time="0.054" classname="com.class02.priorityExampleTwo2"/>
</testsuite> <!-- com.class02.priorityExampleTwo2 -->
