<?xml version="1.0" encoding="UTF-8"?>
<!-- Generated by org.testng.reporters.JUnitReportReporter -->
<testsuite skipped="0" hostname="Dzianis" name="com.class02.TCOne" tests="3" failures="0" timestamp="05 Jun 2019 03:12:49 GMT" time="1.724" errors="0">
  <testcase name="titleValidation" time="0.014" classname="com.class02.TCOne"/>
  <testcase name="logIn" time="1.662" classname="com.class02.TCOne"/>
  <testcase name="logInVerefication" time="0.048" classname="com.class02.TCOne"/>
</testsuite> <!-- com.class02.TCOne -->
