<?xml version="1.0" encoding="UTF-8"?>
<!-- Generated by org.testng.reporters.JUnitReportReporter -->
<testsuite skipped="0" hostname="Dzianis" name="com.class04.tourExample" tests="3" failures="0" timestamp="06 Jun 2019 23:53:02 GMT" time="2.746" errors="0">
  <testcase name="contactinfo" time="0.656" classname="com.class04.tourExample"/>
  <testcase name="maılıngınfo" time="0.660" classname="com.class04.tourExample"/>
  <testcase name="userInformation" time="1.430" classname="com.class04.tourExample"/>
</testsuite> <!-- com.class04.tourExample -->
