<?xml version="1.0" encoding="UTF-8"?>
<!-- Generated by org.testng.reporters.JUnitReportReporter -->
<testsuite skipped="0" hostname="Dzianis" name="com.class02.priority2" tests="2" failures="0" timestamp="05 Jun 2019 03:04:22 GMT" time="0.002" errors="0">
  <testcase name="fourth" time="0.002" classname="com.class02.priority2"/>
  <testcase name="third" time="0.000" classname="com.class02.priority2"/>
</testsuite> <!-- com.class02.priority2 -->
