<?xml version="1.0" encoding="UTF-8"?>
<!-- Generated by org.testng.reporters.JUnitReportReporter -->
<testsuite skipped="0" hostname="Dzianis" name="com.class01.test" tests="3" failures="0" timestamp="29 May 2019 01:17:09 GMT" time="0.015" errors="0">
  <testcase name="test" time="0.002" classname="com.class01.test"/>
  <testcase name="a" time="0.011" classname="com.class01.test"/>
  <testcase name="b" time="0.002" classname="com.class01.test"/>
</testsuite> <!-- com.class01.test -->
