<?xml version="1.0" encoding="UTF-8"?>
<!-- Generated by org.testng.reporters.JUnitReportReporter -->
<testsuite skipped="0" hostname="Dzianis" name="com.class01.TC1" tests="1" failures="0" timestamp="29 May 2019 12:15:18 GMT" time="5719.087" errors="0">
  <testcase name="logInAndProductsVerification" time="5719.087" classname="com.class01.TC1"/>
</testsuite> <!-- com.class01.TC1 -->
