<?xml version="1.0" encoding="UTF-8"?>
<!-- Generated by org.testng.reporters.JUnitReportReporter -->
<testsuite skipped="0" hostname="Dzianis" name="com.class04.sauceDemo" tests="1" failures="0" timestamp="07 Jun 2019 00:17:58 GMT" time="8.251" errors="0">
  <testcase name="logIn1" time="8.251" classname="com.class04.sauceDemo"/>
</testsuite> <!-- com.class04.sauceDemo -->
