<?xml version="1.0" encoding="UTF-8"?>
<!-- Generated by org.testng.reporters.JUnitReportReporter -->
<testsuite skipped="0" hostname="Dzianis" name="com.class02.priority" tests="1" failures="0" timestamp="05 Jun 2019 03:04:22 GMT" time="0.001" errors="0">
  <testcase name="second" time="0.001" classname="com.class02.priority"/>
</testsuite> <!-- com.class02.priority -->
