<?xml version="1.0" encoding="UTF-8"?>
<!-- Generated by org.testng.reporters.JUnitReportReporter -->
<testsuite skipped="0" hostname="Dzianis" name="com.class01.beforeAndAfterMethod" tests="3" failures="0" timestamp="29 May 2019 02:00:53 GMT" time="0.027" errors="0">
  <testcase name="testMethodThree" time="0.004" classname="com.class01.beforeAndAfterMethod"/>
  <testcase name="testMethodTwo" time="0.003" classname="com.class01.beforeAndAfterMethod"/>
  <testcase name="testMethodOne" time="0.020" classname="com.class01.beforeAndAfterMethod"/>
</testsuite> <!-- com.class01.beforeAndAfterMethod -->
