<?xml version="1.0" encoding="UTF-8"?>
<!-- Generated by org.testng.reporters.JUnitReportReporter -->
<testsuite skipped="0" hostname="Dzianis" name="com.syntax.testcases.ExelUtilityTest" tests="1" failures="0" timestamp="17 Jun 2019 23:45:22 GMT" time="0.684" errors="0">
  <testcase name="exelTest" time="0.684" classname="com.syntax.testcases.ExelUtilityTest"/>
</testsuite> <!-- com.syntax.testcases.ExelUtilityTest -->
